Error initializing plugin EntryPoint(name='Windows (alt)', value='keyrings.alt.Windows', group='keyring.backends').
Traceback (most recent call last):
  File "/home/marcio/.local/lib/python3.6/site-packages/keyring/backend.py", line 203, in _load_plugins
    init_func = ep.load()
  File "/home/marcio/.local/lib/python3.6/site-packages/importlib_metadata/__init__.py", line 95, in load
    module = import_module(match.group('module'))
  File "/usr/lib/python3.6/importlib/__init__.py", line 126, in import_module
    return _bootstrap._gcd_import(name[level:], package, level)
  File "<frozen importlib._bootstrap>", line 994, in _gcd_import
  File "<frozen importlib._bootstrap>", line 971, in _find_and_load
  File "<frozen importlib._bootstrap>", line 955, in _find_and_load_unlocked
  File "<frozen importlib._bootstrap>", line 665, in _load_unlocked
  File "<frozen importlib._bootstrap_external>", line 678, in exec_module
  File "<frozen importlib._bootstrap>", line 219, in _call_with_frames_removed
  File "/usr/lib/python3/dist-packages/keyrings/alt/Windows.py", line 9, in <module>
    from . import file_base
  File "/usr/lib/python3/dist-packages/keyrings/alt/file_base.py", line 13, in <module>
    from keyring.util.escape import escape as escape_for_ini
ModuleNotFoundError: No module named 'keyring.util.escape'
Error initializing plugin EntryPoint(name='file', value='keyrings.alt.file', group='keyring.backends').
Traceback (most recent call last):
  File "/home/marcio/.local/lib/python3.6/site-packages/keyring/backend.py", line 203, in _load_plugins
    init_func = ep.load()
  File "/home/marcio/.local/lib/python3.6/site-packages/importlib_metadata/__init__.py", line 95, in load
    module = import_module(match.group('module'))
  File "/usr/lib/python3.6/importlib/__init__.py", line 126, in import_module
    return _bootstrap._gcd_import(name[level:], package, level)
  File "<frozen importlib._bootstrap>", line 994, in _gcd_import
  File "<frozen importlib._bootstrap>", line 971, in _find_and_load
  File "<frozen importlib._bootstrap>", line 955, in _find_and_load_unlocked
  File "<frozen importlib._bootstrap>", line 665, in _load_unlocked
  File "<frozen importlib._bootstrap_external>", line 678, in exec_module
  File "<frozen importlib._bootstrap>", line 219, in _call_with_frames_removed
  File "/usr/lib/python3/dist-packages/keyrings/alt/file.py", line 11, in <module>
    from keyring.util.escape import escape as escape_for_ini
ModuleNotFoundError: No module named 'keyring.util.escape'
Error initializing plugin EntryPoint(name='pyfs', value='keyrings.alt.pyfs', group='keyring.backends').
Traceback (most recent call last):
  File "/home/marcio/.local/lib/python3.6/site-packages/keyring/backend.py", line 203, in _load_plugins
    init_func = ep.load()
  File "/home/marcio/.local/lib/python3.6/site-packages/importlib_metadata/__init__.py", line 95, in load
    module = import_module(match.group('module'))
  File "/usr/lib/python3.6/importlib/__init__.py", line 126, in import_module
    return _bootstrap._gcd_import(name[level:], package, level)
  File "<frozen importlib._bootstrap>", line 994, in _gcd_import
  File "<frozen importlib._bootstrap>", line 971, in _find_and_load
  File "<frozen importlib._bootstrap>", line 955, in _find_and_load_unlocked
  File "<frozen importlib._bootstrap>", line 665, in _load_unlocked
  File "<frozen importlib._bootstrap_external>", line 678, in exec_module
  File "<frozen importlib._bootstrap>", line 219, in _call_with_frames_removed
  File "/usr/lib/python3/dist-packages/keyrings/alt/pyfs.py", line 8, in <module>
    from keyring.util.escape import escape as escape_for_ini
ModuleNotFoundError: No module named 'keyring.util.escape'
